app/build/intermediates/manifest_merge_blame_file/debug/manifest-merger-blame-debug-report.txt
1<?xml version="1.0" encoding="utf-8"?>
2<manifest xmlns:android="http://schemas.android.com/apk/res/android"
3    package="com.example.zuoye"
4    android:versionCode="1"
5    android:versionName="1.0" >
6
7    <uses-sdk
8        android:minSdkVersion="23"
8-->src\main\AndroidManifest.xml
9        android:targetSdkVersion="32" />
9-->src\main\AndroidManifest.xml
10
11    <application
11-->src\main\AndroidManifest.xml:5:5-92:19
12        android:allowBackup="true"
12-->src\main\AndroidManifest.xml:6:9-35
13        android:appComponentFactory="androidx.core.app.CoreComponentFactory"
13-->[androidx.core:core:1.7.0] AndroidManifest.xml:24:18-86
14        android:dataExtractionRules="@xml/data_extraction_rules"
14-->src\main\AndroidManifest.xml:7:9-65
15        android:debuggable="true"
16        android:extractNativeLibs="false"
17        android:fullBackupContent="@xml/backup_rules"
17-->src\main\AndroidManifest.xml:8:9-54
18        android:icon="@mipmap/ic_launcher"
18-->src\main\AndroidManifest.xml:9:9-43
19        android:label="家乡——揭阳旅游景点"
19-->src\main\AndroidManifest.xml:10:9-35
20        android:roundIcon="@mipmap/ic_launcher_round"
20-->src\main\AndroidManifest.xml:11:9-54
21        android:supportsRtl="true"
21-->src\main\AndroidManifest.xml:12:9-35
22        android:testOnly="true"
23        android:theme="@style/Theme.Zuoye" >
23-->src\main\AndroidManifest.xml:13:9-43
24        <activity
24-->src\main\AndroidManifest.xml:15:9-21:20
25            android:name="com.example.zuoye.eleventh"
25-->src\main\AndroidManifest.xml:16:13-37
26            android:exported="false" >
26-->src\main\AndroidManifest.xml:17:13-37
27            <meta-data
27-->src\main\AndroidManifest.xml:18:13-20:36
28                android:name="android.app.lib_name"
28-->src\main\AndroidManifest.xml:19:17-52
29                android:value="" />
29-->src\main\AndroidManifest.xml:20:17-33
30        </activity>
31        <activity
31-->src\main\AndroidManifest.xml:22:9-28:20
32            android:name="com.example.zuoye.tenth"
32-->src\main\AndroidManifest.xml:23:13-34
33            android:exported="false" >
33-->src\main\AndroidManifest.xml:24:13-37
34            <meta-data
34-->src\main\AndroidManifest.xml:18:13-20:36
35                android:name="android.app.lib_name"
35-->src\main\AndroidManifest.xml:19:17-52
36                android:value="" />
36-->src\main\AndroidManifest.xml:20:17-33
37        </activity>
38        <activity
38-->src\main\AndroidManifest.xml:29:9-35:20
39            android:name="com.example.zuoye.nineth"
39-->src\main\AndroidManifest.xml:30:13-35
40            android:exported="false" >
40-->src\main\AndroidManifest.xml:31:13-37
41            <meta-data
41-->src\main\AndroidManifest.xml:18:13-20:36
42                android:name="android.app.lib_name"
42-->src\main\AndroidManifest.xml:19:17-52
43                android:value="" />
43-->src\main\AndroidManifest.xml:20:17-33
44        </activity>
45        <activity
45-->src\main\AndroidManifest.xml:36:9-42:20
46            android:name="com.example.zuoye.eighth"
46-->src\main\AndroidManifest.xml:37:13-35
47            android:exported="false" >
47-->src\main\AndroidManifest.xml:38:13-37
48            <meta-data
48-->src\main\AndroidManifest.xml:18:13-20:36
49                android:name="android.app.lib_name"
49-->src\main\AndroidManifest.xml:19:17-52
50                android:value="" />
50-->src\main\AndroidManifest.xml:20:17-33
51        </activity>
52        <activity
52-->src\main\AndroidManifest.xml:43:9-49:20
53            android:name="com.example.zuoye.seventh"
53-->src\main\AndroidManifest.xml:44:13-36
54            android:exported="false" >
54-->src\main\AndroidManifest.xml:45:13-37
55            <meta-data
55-->src\main\AndroidManifest.xml:18:13-20:36
56                android:name="android.app.lib_name"
56-->src\main\AndroidManifest.xml:19:17-52
57                android:value="" />
57-->src\main\AndroidManifest.xml:20:17-33
58        </activity>
59        <activity
59-->src\main\AndroidManifest.xml:50:9-56:20
60            android:name="com.example.zuoye.sixth"
60-->src\main\AndroidManifest.xml:51:13-34
61            android:exported="false" >
61-->src\main\AndroidManifest.xml:52:13-37
62            <meta-data
62-->src\main\AndroidManifest.xml:18:13-20:36
63                android:name="android.app.lib_name"
63-->src\main\AndroidManifest.xml:19:17-52
64                android:value="" />
64-->src\main\AndroidManifest.xml:20:17-33
65        </activity>
66        <activity
66-->src\main\AndroidManifest.xml:57:9-63:20
67            android:name="com.example.zuoye.fifth"
67-->src\main\AndroidManifest.xml:58:13-34
68            android:exported="false" >
68-->src\main\AndroidManifest.xml:59:13-37
69            <meta-data
69-->src\main\AndroidManifest.xml:18:13-20:36
70                android:name="android.app.lib_name"
70-->src\main\AndroidManifest.xml:19:17-52
71                android:value="" />
71-->src\main\AndroidManifest.xml:20:17-33
72        </activity>
73        <activity
73-->src\main\AndroidManifest.xml:64:9-70:20
74            android:name="com.example.zuoye.fourth"
74-->src\main\AndroidManifest.xml:65:13-35
75            android:exported="false" >
75-->src\main\AndroidManifest.xml:66:13-37
76            <meta-data
76-->src\main\AndroidManifest.xml:18:13-20:36
77                android:name="android.app.lib_name"
77-->src\main\AndroidManifest.xml:19:17-52
78                android:value="" />
78-->src\main\AndroidManifest.xml:20:17-33
79        </activity>
80        <activity
80-->src\main\AndroidManifest.xml:71:9-77:20
81            android:name="com.example.zuoye.third"
81-->src\main\AndroidManifest.xml:72:13-34
82            android:exported="false" >
82-->src\main\AndroidManifest.xml:73:13-37
83            <meta-data
83-->src\main\AndroidManifest.xml:18:13-20:36
84                android:name="android.app.lib_name"
84-->src\main\AndroidManifest.xml:19:17-52
85                android:value="" />
85-->src\main\AndroidManifest.xml:20:17-33
86        </activity>
87        <activity
87-->src\main\AndroidManifest.xml:78:9-90:20
88            android:name="com.example.zuoye.MainActivity"
88-->src\main\AndroidManifest.xml:79:13-41
89            android:exported="true" >
89-->src\main\AndroidManifest.xml:80:13-36
90            <intent-filter>
90-->src\main\AndroidManifest.xml:81:13-85:29
91                <action android:name="android.intent.action.MAIN" />
91-->src\main\AndroidManifest.xml:82:17-69
91-->src\main\AndroidManifest.xml:82:25-66
92
93                <category android:name="android.intent.category.LAUNCHER" />
93-->src\main\AndroidManifest.xml:84:17-77
93-->src\main\AndroidManifest.xml:84:27-74
94            </intent-filter>
95
96            <meta-data
96-->src\main\AndroidManifest.xml:18:13-20:36
97                android:name="android.app.lib_name"
97-->src\main\AndroidManifest.xml:19:17-52
98                android:value="" />
98-->src\main\AndroidManifest.xml:20:17-33
99        </activity>
100        <activity android:name="com.example.zuoye.second" />
100-->src\main\AndroidManifest.xml:91:9-44
100-->src\main\AndroidManifest.xml:91:19-41
101
102        <provider
102-->[androidx.emoji2:emoji2:1.0.0] AndroidManifest.xml:26:9-34:20
103            android:name="androidx.startup.InitializationProvider"
103-->[androidx.emoji2:emoji2:1.0.0] AndroidManifest.xml:27:13-67
104            android:authorities="com.example.zuoye.androidx-startup"
104-->[androidx.emoji2:emoji2:1.0.0] AndroidManifest.xml:28:13-68
105            android:exported="false" >
105-->[androidx.emoji2:emoji2:1.0.0] AndroidManifest.xml:29:13-37
106            <meta-data
106-->[androidx.emoji2:emoji2:1.0.0] AndroidManifest.xml:31:13-33:52
107                android:name="androidx.emoji2.text.EmojiCompatInitializer"
107-->[androidx.emoji2:emoji2:1.0.0] AndroidManifest.xml:32:17-75
108                android:value="androidx.startup" />
108-->[androidx.emoji2:emoji2:1.0.0] AndroidManifest.xml:33:17-49
109            <meta-data
109-->[androidx.lifecycle:lifecycle-process:2.4.0] AndroidManifest.xml:31:13-33:52
110                android:name="androidx.lifecycle.ProcessLifecycleInitializer"
110-->[androidx.lifecycle:lifecycle-process:2.4.0] AndroidManifest.xml:32:17-78
111                android:value="androidx.startup" />
111-->[androidx.lifecycle:lifecycle-process:2.4.0] AndroidManifest.xml:33:17-49
112        </provider>
113    </application>
114
115</manifest>